2014-09-20 15:47:26.472 HelloWorld[687:a0b] Multi-tasking -> Device: YES, App: YES
2014-09-20 15:47:26.498 HelloWorld[687:a0b] Unlimited access to network resources
2014-09-20 15:47:26.501 HelloWorld[687:a0b] 

Started backup to iCloud! Please be careful.
Your application might rejected by Apple if you store too much data.
For more information please read "iOS Data Storage Guidelines"
You could find it at the following address https://developer.apple.com/icloud/documentation/data-storage/ .

2014-09-20 15:47:26.767 HelloWorld[687:a0b] Resetting plugins due to page load.
2014-09-20 15:47:26.897 HelloWorld[687:a0b] Finished load of: file:///Users/reesretuta/Library/Application%20Support/iPhone%20Simulator/7.0/Applications/16EE61A9-6378-4765-9E3C-A9D60401C49F/HelloWorld.app/www/index.html#/
2014-09-20 16:49:28.770 HelloWorld[2443:a0b] Multi-tasking -> Device: YES, App: YES
2014-09-20 16:49:28.778 HelloWorld[2443:a0b] Unlimited access to network resources
2014-09-20 16:49:28.783 HelloWorld[2443:a0b] 

Started backup to iCloud! Please be careful.
Your application might rejected by Apple if you store too much data.
For more information please read "iOS Data Storage Guidelines"
You could find it at the following address https://developer.apple.com/icloud/documentation/data-storage/ .

2014-09-20 16:49:28.909 HelloWorld[2443:a0b] Resetting plugins due to page load.
2014-09-20 16:49:31.344 HelloWorld[2443:a0b] Finished load of: file:///Users/reesretuta/Library/Application%20Support/iPhone%20Simulator/7.0/Applications/16EE61A9-6378-4765-9E3C-A9D60401C49F/HelloWorld.app/www/index.html#/
2014-09-20 16:51:21.947 HelloWorld[2706:a0b] Multi-tasking -> Device: YES, App: YES
2014-09-20 16:51:21.957 HelloWorld[2706:a0b] Unlimited access to network resources
2014-09-20 16:51:21.959 HelloWorld[2706:a0b] 

Started backup to iCloud! Please be careful.
Your application might rejected by Apple if you store too much data.
For more information please read "iOS Data Storage Guidelines"
You could find it at the following address https://developer.apple.com/icloud/documentation/data-storage/ .

2014-09-20 16:51:22.051 HelloWorld[2706:a0b] Resetting plugins due to page load.
2014-09-20 16:51:25.094 HelloWorld[2706:a0b] Finished load of: file:///Users/reesretuta/Library/Application%20Support/iPhone%20Simulator/7.0/Applications/16EE61A9-6378-4765-9E3C-A9D60401C49F/HelloWorld.app/www/index.html#/
2014-09-20 16:52:10.758 HelloWorld[2930:a0b] Multi-tasking -> Device: YES, App: YES
2014-09-20 16:52:10.766 HelloWorld[2930:a0b] Unlimited access to network resources
2014-09-20 16:52:10.770 HelloWorld[2930:a0b] 

Started backup to iCloud! Please be careful.
Your application might rejected by Apple if you store too much data.
For more information please read "iOS Data Storage Guidelines"
You could find it at the following address https://developer.apple.com/icloud/documentation/data-storage/ .

2014-09-20 16:52:10.880 HelloWorld[2930:a0b] Resetting plugins due to page load.
2014-09-20 16:52:13.222 HelloWorld[2930:a0b] Finished load of: file:///Users/reesretuta/Library/Application%20Support/iPhone%20Simulator/7.0/Applications/16EE61A9-6378-4765-9E3C-A9D60401C49F/HelloWorld.app/www/index.html#/
2014-09-20 16:53:40.781 HelloWorld[3183:a0b] Multi-tasking -> Device: YES, App: YES
2014-09-20 16:53:40.788 HelloWorld[3183:a0b] Unlimited access to network resources
2014-09-20 16:53:40.791 HelloWorld[3183:a0b] 

Started backup to iCloud! Please be careful.
Your application might rejected by Apple if you store too much data.
For more information please read "iOS Data Storage Guidelines"
You could find it at the following address https://developer.apple.com/icloud/documentation/data-storage/ .

2014-09-20 16:53:40.890 HelloWorld[3183:a0b] Resetting plugins due to page load.
2014-09-20 16:53:42.854 HelloWorld[3183:a0b] Finished load of: file:///Users/reesretuta/Library/Application%20Support/iPhone%20Simulator/7.0/Applications/16EE61A9-6378-4765-9E3C-A9D60401C49F/HelloWorld.app/www/index.html#/
2014-09-20 16:56:38.987 HelloWorld[3479:a0b] Multi-tasking -> Device: YES, App: YES
2014-09-20 16:56:38.999 HelloWorld[3479:a0b] Unlimited access to network resources
2014-09-20 16:56:39.002 HelloWorld[3479:a0b] 

Started backup to iCloud! Please be careful.
Your application might rejected by Apple if you store too much data.
For more information please read "iOS Data Storage Guidelines"
You could find it at the following address https://developer.apple.com/icloud/documentation/data-storage/ .

2014-09-20 16:56:39.123 HelloWorld[3479:a0b] Resetting plugins due to page load.
2014-09-20 16:56:41.148 HelloWorld[3479:a0b] Finished load of: file:///Users/reesretuta/Library/Application%20Support/iPhone%20Simulator/7.0/Applications/16EE61A9-6378-4765-9E3C-A9D60401C49F/HelloWorld.app/www/index.html#/
2014-09-20 16:57:23.342 HelloWorld[3705:a0b] Multi-tasking -> Device: YES, App: YES
2014-09-20 16:57:23.352 HelloWorld[3705:a0b] Unlimited access to network resources
2014-09-20 16:57:23.355 HelloWorld[3705:a0b] 

Started backup to iCloud! Please be careful.
Your application might rejected by Apple if you store too much data.
For more information please read "iOS Data Storage Guidelines"
You could find it at the following address https://developer.apple.com/icloud/documentation/data-storage/ .

2014-09-20 16:57:23.474 HelloWorld[3705:a0b] Resetting plugins due to page load.
2014-09-20 16:57:25.889 HelloWorld[3705:a0b] Finished load of: file:///Users/reesretuta/Library/Application%20Support/iPhone%20Simulator/7.0/Applications/16EE61A9-6378-4765-9E3C-A9D60401C49F/HelloWorld.app/www/index.html#/
2014-09-20 16:58:56.531 HelloWorld[3958:a0b] Multi-tasking -> Device: YES, App: YES
2014-09-20 16:58:56.539 HelloWorld[3958:a0b] Unlimited access to network resources
2014-09-20 16:58:56.543 HelloWorld[3958:a0b] 

Started backup to iCloud! Please be careful.
Your application might rejected by Apple if you store too much data.
For more information please read "iOS Data Storage Guidelines"
You could find it at the following address https://developer.apple.com/icloud/documentation/data-storage/ .

2014-09-20 16:58:56.644 HelloWorld[3958:a0b] Resetting plugins due to page load.
2014-09-20 16:58:56.874 HelloWorld[3958:a0b] Finished load of: file:///Users/reesretuta/Library/Application%20Support/iPhone%20Simulator/7.0/Applications/16EE61A9-6378-4765-9E3C-A9D60401C49F/HelloWorld.app/www/index.html#/
2014-09-20 16:59:26.974 HelloWorld[4181:a0b] Multi-tasking -> Device: YES, App: YES
2014-09-20 16:59:26.984 HelloWorld[4181:a0b] Unlimited access to network resources
2014-09-20 16:59:26.988 HelloWorld[4181:a0b] 

Started backup to iCloud! Please be careful.
Your application might rejected by Apple if you store too much data.
For more information please read "iOS Data Storage Guidelines"
You could find it at the following address https://developer.apple.com/icloud/documentation/data-storage/ .

2014-09-20 16:59:27.088 HelloWorld[4181:a0b] Resetting plugins due to page load.
2014-09-20 16:59:27.415 HelloWorld[4181:a0b] Finished load of: file:///Users/reesretuta/Library/Application%20Support/iPhone%20Simulator/7.0/Applications/16EE61A9-6378-4765-9E3C-A9D60401C49F/HelloWorld.app/www/index.html#/
2014-09-20 17:00:12.266 HelloWorld[4410:a0b] Multi-tasking -> Device: YES, App: YES
2014-09-20 17:00:12.274 HelloWorld[4410:a0b] Unlimited access to network resources
2014-09-20 17:00:12.276 HelloWorld[4410:a0b] 

Started backup to iCloud! Please be careful.
Your application might rejected by Apple if you store too much data.
For more information please read "iOS Data Storage Guidelines"
You could find it at the following address https://developer.apple.com/icloud/documentation/data-storage/ .

2014-09-20 17:00:12.378 HelloWorld[4410:a0b] Resetting plugins due to page load.
2014-09-20 17:00:12.828 HelloWorld[4410:a0b] Finished load of: file:///Users/reesretuta/Library/Application%20Support/iPhone%20Simulator/7.0/Applications/16EE61A9-6378-4765-9E3C-A9D60401C49F/HelloWorld.app/www/index.html#/
2014-09-20 17:04:04.713 HelloWorld[4749:a0b] Multi-tasking -> Device: YES, App: YES
2014-09-20 17:04:04.727 HelloWorld[4749:a0b] Unlimited access to network resources
2014-09-20 17:04:04.733 HelloWorld[4749:a0b] 

Started backup to iCloud! Please be careful.
Your application might rejected by Apple if you store too much data.
For more information please read "iOS Data Storage Guidelines"
You could find it at the following address https://developer.apple.com/icloud/documentation/data-storage/ .

2014-09-20 17:04:04.847 HelloWorld[4749:a0b] Resetting plugins due to page load.
2014-09-20 17:04:05.288 HelloWorld[4749:a0b] Finished load of: file:///Users/reesretuta/Library/Application%20Support/iPhone%20Simulator/7.0/Applications/16EE61A9-6378-4765-9E3C-A9D60401C49F/HelloWorld.app/www/index.html#/
2014-09-20 17:04:55.920 HelloWorld[4976:a0b] Multi-tasking -> Device: YES, App: YES
2014-09-20 17:04:55.928 HelloWorld[4976:a0b] Unlimited access to network resources
2014-09-20 17:04:55.930 HelloWorld[4976:a0b] 

Started backup to iCloud! Please be careful.
Your application might rejected by Apple if you store too much data.
For more information please read "iOS Data Storage Guidelines"
You could find it at the following address https://developer.apple.com/icloud/documentation/data-storage/ .

2014-09-20 17:04:56.035 HelloWorld[4976:a0b] Resetting plugins due to page load.
2014-09-20 17:04:56.511 HelloWorld[4976:a0b] Finished load of: file:///Users/reesretuta/Library/Application%20Support/iPhone%20Simulator/7.0/Applications/16EE61A9-6378-4765-9E3C-A9D60401C49F/HelloWorld.app/www/index.html#/
2014-09-20 17:05:56.848 HelloWorld[5211:a0b] Multi-tasking -> Device: YES, App: YES
2014-09-20 17:05:56.855 HelloWorld[5211:a0b] Unlimited access to network resources
2014-09-20 17:05:56.857 HelloWorld[5211:a0b] 

Started backup to iCloud! Please be careful.
Your application might rejected by Apple if you store too much data.
For more information please read "iOS Data Storage Guidelines"
You could find it at the following address https://developer.apple.com/icloud/documentation/data-storage/ .

2014-09-20 17:05:56.953 HelloWorld[5211:a0b] Resetting plugins due to page load.
2014-09-20 17:05:57.269 HelloWorld[5211:a0b] Finished load of: file:///Users/reesretuta/Library/Application%20Support/iPhone%20Simulator/7.0/Applications/16EE61A9-6378-4765-9E3C-A9D60401C49F/HelloWorld.app/www/index.html#/
2014-09-20 17:06:16.324 HelloWorld[5422:a0b] Multi-tasking -> Device: YES, App: YES
2014-09-20 17:06:16.333 HelloWorld[5422:a0b] Unlimited access to network resources
2014-09-20 17:06:16.336 HelloWorld[5422:a0b] 

Started backup to iCloud! Please be careful.
Your application might rejected by Apple if you store too much data.
For more information please read "iOS Data Storage Guidelines"
You could find it at the following address https://developer.apple.com/icloud/documentation/data-storage/ .

2014-09-20 17:06:16.446 HelloWorld[5422:a0b] Resetting plugins due to page load.
2014-09-20 17:06:16.785 HelloWorld[5422:a0b] Finished load of: file:///Users/reesretuta/Library/Application%20Support/iPhone%20Simulator/7.0/Applications/16EE61A9-6378-4765-9E3C-A9D60401C49F/HelloWorld.app/www/index.html#/
2014-09-20 17:06:52.846 HelloWorld[5643:a0b] Multi-tasking -> Device: YES, App: YES
2014-09-20 17:06:52.855 HelloWorld[5643:a0b] Unlimited access to network resources
2014-09-20 17:06:52.859 HelloWorld[5643:a0b] 

Started backup to iCloud! Please be careful.
Your application might rejected by Apple if you store too much data.
For more information please read "iOS Data Storage Guidelines"
You could find it at the following address https://developer.apple.com/icloud/documentation/data-storage/ .

2014-09-20 17:06:52.963 HelloWorld[5643:a0b] Resetting plugins due to page load.
2014-09-20 17:06:53.295 HelloWorld[5643:a0b] Finished load of: file:///Users/reesretuta/Library/Application%20Support/iPhone%20Simulator/7.0/Applications/16EE61A9-6378-4765-9E3C-A9D60401C49F/HelloWorld.app/www/index.html#/
2014-09-20 17:07:41.793 HelloWorld[5873:a0b] Multi-tasking -> Device: YES, App: YES
2014-09-20 17:07:41.802 HelloWorld[5873:a0b] Unlimited access to network resources
2014-09-20 17:07:41.806 HelloWorld[5873:a0b] 

Started backup to iCloud! Please be careful.
Your application might rejected by Apple if you store too much data.
For more information please read "iOS Data Storage Guidelines"
You could find it at the following address https://developer.apple.com/icloud/documentation/data-storage/ .

2014-09-20 17:07:41.925 HelloWorld[5873:a0b] Resetting plugins due to page load.
2014-09-20 17:07:42.414 HelloWorld[5873:a0b] Finished load of: file:///Users/reesretuta/Library/Application%20Support/iPhone%20Simulator/7.0/Applications/16EE61A9-6378-4765-9E3C-A9D60401C49F/HelloWorld.app/www/index.html#/
2014-09-20 17:08:24.665 HelloWorld[6100:a0b] Multi-tasking -> Device: YES, App: YES
2014-09-20 17:08:24.676 HelloWorld[6100:a0b] Unlimited access to network resources
2014-09-20 17:08:24.679 HelloWorld[6100:a0b] 

Started backup to iCloud! Please be careful.
Your application might rejected by Apple if you store too much data.
For more information please read "iOS Data Storage Guidelines"
You could find it at the following address https://developer.apple.com/icloud/documentation/data-storage/ .

2014-09-20 17:08:24.788 HelloWorld[6100:a0b] Resetting plugins due to page load.
2014-09-20 17:08:25.125 HelloWorld[6100:a0b] Finished load of: file:///Users/reesretuta/Library/Application%20Support/iPhone%20Simulator/7.0/Applications/16EE61A9-6378-4765-9E3C-A9D60401C49F/HelloWorld.app/www/index.html#/
2014-09-20 17:09:07.207 HelloWorld[6323:a0b] Multi-tasking -> Device: YES, App: YES
2014-09-20 17:09:07.217 HelloWorld[6323:a0b] Unlimited access to network resources
2014-09-20 17:09:07.223 HelloWorld[6323:a0b] 

Started backup to iCloud! Please be careful.
Your application might rejected by Apple if you store too much data.
For more information please read "iOS Data Storage Guidelines"
You could find it at the following address https://developer.apple.com/icloud/documentation/data-storage/ .

2014-09-20 17:09:07.344 HelloWorld[6323:a0b] Resetting plugins due to page load.
2014-09-20 17:09:07.672 HelloWorld[6323:a0b] Finished load of: file:///Users/reesretuta/Library/Application%20Support/iPhone%20Simulator/7.0/Applications/16EE61A9-6378-4765-9E3C-A9D60401C49F/HelloWorld.app/www/index.html#/
2014-09-20 17:09:25.590 HelloWorld[6323:a0b] Simulator slow-motion animations are now on
2014-09-20 17:10:17.554 HelloWorld[6323:a0b] Simulator slow-motion animations are now off
2014-09-20 17:10:49.098 HelloWorld[6586:a0b] Multi-tasking -> Device: YES, App: YES
2014-09-20 17:10:49.108 HelloWorld[6586:a0b] Unlimited access to network resources
2014-09-20 17:10:49.110 HelloWorld[6586:a0b] 

Started backup to iCloud! Please be careful.
Your application might rejected by Apple if you store too much data.
For more information please read "iOS Data Storage Guidelines"
You could find it at the following address https://developer.apple.com/icloud/documentation/data-storage/ .

2014-09-20 17:10:49.216 HelloWorld[6586:a0b] Resetting plugins due to page load.
2014-09-20 17:10:49.432 HelloWorld[6586:a0b] Finished load of: file:///Users/reesretuta/Library/Application%20Support/iPhone%20Simulator/7.0/Applications/16EE61A9-6378-4765-9E3C-A9D60401C49F/HelloWorld.app/www/index.html#/
2014-09-20 17:11:57.208 HelloWorld[6825:a0b] Multi-tasking -> Device: YES, App: YES
2014-09-20 17:11:57.217 HelloWorld[6825:a0b] Unlimited access to network resources
2014-09-20 17:11:57.220 HelloWorld[6825:a0b] 

Started backup to iCloud! Please be careful.
Your application might rejected by Apple if you store too much data.
For more information please read "iOS Data Storage Guidelines"
You could find it at the following address https://developer.apple.com/icloud/documentation/data-storage/ .

2014-09-20 17:11:57.329 HelloWorld[6825:a0b] Resetting plugins due to page load.
2014-09-20 17:11:57.656 HelloWorld[6825:a0b] Finished load of: file:///Users/reesretuta/Library/Application%20Support/iPhone%20Simulator/7.0/Applications/16EE61A9-6378-4765-9E3C-A9D60401C49F/HelloWorld.app/www/index.html#/
2014-09-20 17:13:54.269 HelloWorld[7094:a0b] Multi-tasking -> Device: YES, App: YES
2014-09-20 17:13:54.279 HelloWorld[7094:a0b] Unlimited access to network resources
2014-09-20 17:13:54.283 HelloWorld[7094:a0b] 

Started backup to iCloud! Please be careful.
Your application might rejected by Apple if you store too much data.
For more information please read "iOS Data Storage Guidelines"
You could find it at the following address https://developer.apple.com/icloud/documentation/data-storage/ .

2014-09-20 17:13:54.392 HelloWorld[7094:a0b] Resetting plugins due to page load.
2014-09-20 17:13:54.854 HelloWorld[7094:a0b] Finished load of: file:///Users/reesretuta/Library/Application%20Support/iPhone%20Simulator/7.0/Applications/16EE61A9-6378-4765-9E3C-A9D60401C49F/HelloWorld.app/www/index.html#/
2014-09-20 17:14:41.546 HelloWorld[7329:a0b] Multi-tasking -> Device: YES, App: YES
2014-09-20 17:14:41.558 HelloWorld[7329:a0b] Unlimited access to network resources
2014-09-20 17:14:41.563 HelloWorld[7329:a0b] 

Started backup to iCloud! Please be careful.
Your application might rejected by Apple if you store too much data.
For more information please read "iOS Data Storage Guidelines"
You could find it at the following address https://developer.apple.com/icloud/documentation/data-storage/ .

2014-09-20 17:14:41.720 HelloWorld[7329:a0b] Resetting plugins due to page load.
2014-09-20 17:14:42.105 HelloWorld[7329:a0b] Finished load of: file:///Users/reesretuta/Library/Application%20Support/iPhone%20Simulator/7.0/Applications/16EE61A9-6378-4765-9E3C-A9D60401C49F/HelloWorld.app/www/index.html#/
2014-09-20 17:16:45.784 HelloWorld[7608:a0b] Multi-tasking -> Device: YES, App: YES
2014-09-20 17:16:45.795 HelloWorld[7608:a0b] Unlimited access to network resources
2014-09-20 17:16:45.797 HelloWorld[7608:a0b] 

Started backup to iCloud! Please be careful.
Your application might rejected by Apple if you store too much data.
For more information please read "iOS Data Storage Guidelines"
You could find it at the following address https://developer.apple.com/icloud/documentation/data-storage/ .

2014-09-20 17:16:45.905 HelloWorld[7608:a0b] Resetting plugins due to page load.
2014-09-20 17:16:46.228 HelloWorld[7608:a0b] Finished load of: file:///Users/reesretuta/Library/Application%20Support/iPhone%20Simulator/7.0/Applications/16EE61A9-6378-4765-9E3C-A9D60401C49F/HelloWorld.app/www/index.html#/
2014-09-20 17:17:32.233 HelloWorld[7608:4103] void SendDelegateMessage(NSInvocation *): delegate (webView:runJavaScriptAlertPanelWithMessage:initiatedByFrame:) failed to return after waiting 10 seconds. main run loop mode: kCFRunLoopDefaultMode
2014-09-20 17:17:52.594 HelloWorld[7846:a0b] Multi-tasking -> Device: YES, App: YES
2014-09-20 17:17:52.604 HelloWorld[7846:a0b] Unlimited access to network resources
2014-09-20 17:17:52.607 HelloWorld[7846:a0b] 

Started backup to iCloud! Please be careful.
Your application might rejected by Apple if you store too much data.
For more information please read "iOS Data Storage Guidelines"
You could find it at the following address https://developer.apple.com/icloud/documentation/data-storage/ .

2014-09-20 17:17:52.712 HelloWorld[7846:a0b] Resetting plugins due to page load.
2014-09-20 17:17:53.081 HelloWorld[7846:a0b] Finished load of: file:///Users/reesretuta/Library/Application%20Support/iPhone%20Simulator/7.0/Applications/16EE61A9-6378-4765-9E3C-A9D60401C49F/HelloWorld.app/www/index.html#/
2014-09-20 17:20:13.617 HelloWorld[8124:a0b] Multi-tasking -> Device: YES, App: YES
2014-09-20 17:20:13.628 HelloWorld[8124:a0b] Unlimited access to network resources
2014-09-20 17:20:13.632 HelloWorld[8124:a0b] 

Started backup to iCloud! Please be careful.
Your application might rejected by Apple if you store too much data.
For more information please read "iOS Data Storage Guidelines"
You could find it at the following address https://developer.apple.com/icloud/documentation/data-storage/ .

2014-09-20 17:20:13.745 HelloWorld[8124:a0b] Resetting plugins due to page load.
2014-09-20 17:20:14.120 HelloWorld[8124:a0b] Finished load of: file:///Users/reesretuta/Library/Application%20Support/iPhone%20Simulator/7.0/Applications/16EE61A9-6378-4765-9E3C-A9D60401C49F/HelloWorld.app/www/index.html#/
2014-09-20 17:29:56.608 HelloWorld[8673:a0b] Multi-tasking -> Device: YES, App: YES
2014-09-20 17:29:56.619 HelloWorld[8673:a0b] Unlimited access to network resources
2014-09-20 17:29:56.623 HelloWorld[8673:a0b] 

Started backup to iCloud! Please be careful.
Your application might rejected by Apple if you store too much data.
For more information please read "iOS Data Storage Guidelines"
You could find it at the following address https://developer.apple.com/icloud/documentation/data-storage/ .

2014-09-20 17:29:56.746 HelloWorld[8673:a0b] Resetting plugins due to page load.
2014-09-20 17:29:57.172 HelloWorld[8673:a0b] Finished load of: file:///Users/reesretuta/Library/Application%20Support/iPhone%20Simulator/7.0/Applications/16EE61A9-6378-4765-9E3C-A9D60401C49F/HelloWorld.app/www/index.html#/
2014-09-20 17:32:24.460 HelloWorld[8971:a0b] Multi-tasking -> Device: YES, App: YES
2014-09-20 17:32:24.469 HelloWorld[8971:a0b] Unlimited access to network resources
2014-09-20 17:32:24.472 HelloWorld[8971:a0b] 

Started backup to iCloud! Please be careful.
Your application might rejected by Apple if you store too much data.
For more information please read "iOS Data Storage Guidelines"
You could find it at the following address https://developer.apple.com/icloud/documentation/data-storage/ .

2014-09-20 17:32:24.562 HelloWorld[8971:a0b] Resetting plugins due to page load.
2014-09-20 17:32:24.929 HelloWorld[8971:a0b] Finished load of: file:///Users/reesretuta/Library/Application%20Support/iPhone%20Simulator/7.0/Applications/16EE61A9-6378-4765-9E3C-A9D60401C49F/HelloWorld.app/www/index.html#/
2014-09-20 17:35:36.297 HelloWorld[9277:a0b] Multi-tasking -> Device: YES, App: YES
2014-09-20 17:35:36.310 HelloWorld[9277:a0b] Unlimited access to network resources
2014-09-20 17:35:36.314 HelloWorld[9277:a0b] 

Started backup to iCloud! Please be careful.
Your application might rejected by Apple if you store too much data.
For more information please read "iOS Data Storage Guidelines"
You could find it at the following address https://developer.apple.com/icloud/documentation/data-storage/ .

2014-09-20 17:35:36.435 HelloWorld[9277:a0b] Resetting plugins due to page load.
2014-09-20 17:35:36.874 HelloWorld[9277:a0b] Finished load of: file:///Users/reesretuta/Library/Application%20Support/iPhone%20Simulator/7.0/Applications/16EE61A9-6378-4765-9E3C-A9D60401C49F/HelloWorld.app/www/index.html#/
2014-09-20 23:43:40.730 HelloWorld[557:a0b] Multi-tasking -> Device: YES, App: YES
2014-09-20 23:43:40.759 HelloWorld[557:a0b] Unlimited access to network resources
2014-09-20 23:43:40.764 HelloWorld[557:a0b] 

Started backup to iCloud! Please be careful.
Your application might rejected by Apple if you store too much data.
For more information please read "iOS Data Storage Guidelines"
You could find it at the following address https://developer.apple.com/icloud/documentation/data-storage/ .

2014-09-20 23:43:41.034 HelloWorld[557:a0b] Resetting plugins due to page load.
2014-09-20 23:43:41.570 HelloWorld[557:a0b] Finished load of: file:///Users/reesretuta/Library/Application%20Support/iPhone%20Simulator/7.0/Applications/16EE61A9-6378-4765-9E3C-A9D60401C49F/HelloWorld.app/www/index.html#/
2014-09-21 00:05:41.206 HelloWorld[1434:a0b] Multi-tasking -> Device: YES, App: YES
2014-09-21 00:05:41.215 HelloWorld[1434:a0b] Unlimited access to network resources
2014-09-21 00:05:41.219 HelloWorld[1434:a0b] 

Started backup to iCloud! Please be careful.
Your application might rejected by Apple if you store too much data.
For more information please read "iOS Data Storage Guidelines"
You could find it at the following address https://developer.apple.com/icloud/documentation/data-storage/ .

2014-09-21 00:05:41.324 HelloWorld[1434:a0b] Resetting plugins due to page load.
2014-09-21 00:05:41.743 HelloWorld[1434:a0b] Finished load of: file:///Users/reesretuta/Library/Application%20Support/iPhone%20Simulator/7.0/Applications/16EE61A9-6378-4765-9E3C-A9D60401C49F/HelloWorld.app/www/index.html#/
2014-09-21 00:08:53.247 HelloWorld[1747:a0b] Multi-tasking -> Device: YES, App: YES
2014-09-21 00:08:53.257 HelloWorld[1747:a0b] Unlimited access to network resources
2014-09-21 00:08:53.260 HelloWorld[1747:a0b] 

Started backup to iCloud! Please be careful.
Your application might rejected by Apple if you store too much data.
For more information please read "iOS Data Storage Guidelines"
You could find it at the following address https://developer.apple.com/icloud/documentation/data-storage/ .

2014-09-21 00:08:53.367 HelloWorld[1747:a0b] Resetting plugins due to page load.
2014-09-21 00:08:53.890 HelloWorld[1747:a0b] Finished load of: file:///Users/reesretuta/Library/Application%20Support/iPhone%20Simulator/7.0/Applications/16EE61A9-6378-4765-9E3C-A9D60401C49F/HelloWorld.app/www/index.html#/
2014-09-21 00:09:08.739 HelloWorld[1957:a0b] Multi-tasking -> Device: YES, App: YES
2014-09-21 00:09:08.746 HelloWorld[1957:a0b] Unlimited access to network resources
2014-09-21 00:09:08.750 HelloWorld[1957:a0b] 

Started backup to iCloud! Please be careful.
Your application might rejected by Apple if you store too much data.
For more information please read "iOS Data Storage Guidelines"
You could find it at the following address https://developer.apple.com/icloud/documentation/data-storage/ .

2014-09-21 00:09:08.860 HelloWorld[1957:a0b] Resetting plugins due to page load.
2014-09-21 00:09:09.340 HelloWorld[1957:a0b] Finished load of: file:///Users/reesretuta/Library/Application%20Support/iPhone%20Simulator/7.0/Applications/16EE61A9-6378-4765-9E3C-A9D60401C49F/HelloWorld.app/www/index.html#/
2014-09-21 00:09:55.381 HelloWorld[2188:a0b] Multi-tasking -> Device: YES, App: YES
2014-09-21 00:09:55.392 HelloWorld[2188:a0b] Unlimited access to network resources
2014-09-21 00:09:55.395 HelloWorld[2188:a0b] 

Started backup to iCloud! Please be careful.
Your application might rejected by Apple if you store too much data.
For more information please read "iOS Data Storage Guidelines"
You could find it at the following address https://developer.apple.com/icloud/documentation/data-storage/ .

2014-09-21 00:09:55.504 HelloWorld[2188:a0b] Resetting plugins due to page load.
2014-09-21 00:09:56.001 HelloWorld[2188:a0b] Finished load of: file:///Users/reesretuta/Library/Application%20Support/iPhone%20Simulator/7.0/Applications/16EE61A9-6378-4765-9E3C-A9D60401C49F/HelloWorld.app/www/index.html#/
2014-09-21 00:12:01.307 HelloWorld[2485:a0b] Multi-tasking -> Device: YES, App: YES
2014-09-21 00:12:01.317 HelloWorld[2485:a0b] Unlimited access to network resources
2014-09-21 00:12:01.321 HelloWorld[2485:a0b] 

Started backup to iCloud! Please be careful.
Your application might rejected by Apple if you store too much data.
For more information please read "iOS Data Storage Guidelines"
You could find it at the following address https://developer.apple.com/icloud/documentation/data-storage/ .

2014-09-21 00:12:01.441 HelloWorld[2485:a0b] Resetting plugins due to page load.
2014-09-21 00:12:01.945 HelloWorld[2485:a0b] Finished load of: file:///Users/reesretuta/Library/Application%20Support/iPhone%20Simulator/7.0/Applications/16EE61A9-6378-4765-9E3C-A9D60401C49F/HelloWorld.app/www/index.html#/
2014-09-21 00:12:31.607 HelloWorld[2707:a0b] Multi-tasking -> Device: YES, App: YES
2014-09-21 00:12:31.618 HelloWorld[2707:a0b] Unlimited access to network resources
2014-09-21 00:12:31.620 HelloWorld[2707:a0b] 

Started backup to iCloud! Please be careful.
Your application might rejected by Apple if you store too much data.
For more information please read "iOS Data Storage Guidelines"
You could find it at the following address https://developer.apple.com/icloud/documentation/data-storage/ .

2014-09-21 00:12:31.730 HelloWorld[2707:a0b] Resetting plugins due to page load.
2014-09-21 00:12:32.229 HelloWorld[2707:a0b] Finished load of: file:///Users/reesretuta/Library/Application%20Support/iPhone%20Simulator/7.0/Applications/16EE61A9-6378-4765-9E3C-A9D60401C49F/HelloWorld.app/www/index.html#/
2014-09-21 00:16:04.567 HelloWorld[3034:a0b] Multi-tasking -> Device: YES, App: YES
2014-09-21 00:16:04.577 HelloWorld[3034:a0b] Unlimited access to network resources
2014-09-21 00:16:04.581 HelloWorld[3034:a0b] 

Started backup to iCloud! Please be careful.
Your application might rejected by Apple if you store too much data.
For more information please read "iOS Data Storage Guidelines"
You could find it at the following address https://developer.apple.com/icloud/documentation/data-storage/ .

2014-09-21 00:16:04.674 HelloWorld[3034:a0b] Resetting plugins due to page load.
2014-09-21 00:16:05.075 HelloWorld[3034:a0b] Finished load of: file:///Users/reesretuta/Library/Application%20Support/iPhone%20Simulator/7.0/Applications/16EE61A9-6378-4765-9E3C-A9D60401C49F/HelloWorld.app/www/index.html#/
2014-09-21 00:16:32.484 HelloWorld[3034:4103] void SendDelegateMessage(NSInvocation *): delegate (webView:runJavaScriptAlertPanelWithMessage:initiatedByFrame:) failed to return after waiting 10 seconds. main run loop mode: kCFRunLoopDefaultMode
2014-09-21 00:28:00.440 HelloWorld[3636:a0b] Multi-tasking -> Device: YES, App: YES
2014-09-21 00:28:00.450 HelloWorld[3636:a0b] Unlimited access to network resources
2014-09-21 00:28:00.453 HelloWorld[3636:a0b] 

Started backup to iCloud! Please be careful.
Your application might rejected by Apple if you store too much data.
For more information please read "iOS Data Storage Guidelines"
You could find it at the following address https://developer.apple.com/icloud/documentation/data-storage/ .

2014-09-21 00:28:00.566 HelloWorld[3636:a0b] Resetting plugins due to page load.
2014-09-21 00:28:01.019 HelloWorld[3636:a0b] Finished load of: file:///Users/reesretuta/Library/Application%20Support/iPhone%20Simulator/7.0/Applications/16EE61A9-6378-4765-9E3C-A9D60401C49F/HelloWorld.app/www/index.html#/
2014-09-21 00:30:29.954 HelloWorld[3927:a0b] Multi-tasking -> Device: YES, App: YES
2014-09-21 00:30:29.964 HelloWorld[3927:a0b] Unlimited access to network resources
2014-09-21 00:30:29.967 HelloWorld[3927:a0b] 

Started backup to iCloud! Please be careful.
Your application might rejected by Apple if you store too much data.
For more information please read "iOS Data Storage Guidelines"
You could find it at the following address https://developer.apple.com/icloud/documentation/data-storage/ .

2014-09-21 00:30:30.067 HelloWorld[3927:a0b] Resetting plugins due to page load.
2014-09-21 00:30:30.407 HelloWorld[3927:a0b] Finished load of: file:///Users/reesretuta/Library/Application%20Support/iPhone%20Simulator/7.0/Applications/16EE61A9-6378-4765-9E3C-A9D60401C49F/HelloWorld.app/www/index.html#/
2014-09-21 00:31:51.657 HelloWorld[4173:a0b] Multi-tasking -> Device: YES, App: YES
2014-09-21 00:31:51.667 HelloWorld[4173:a0b] Unlimited access to network resources
2014-09-21 00:31:51.670 HelloWorld[4173:a0b] 

Started backup to iCloud! Please be careful.
Your application might rejected by Apple if you store too much data.
For more information please read "iOS Data Storage Guidelines"
You could find it at the following address https://developer.apple.com/icloud/documentation/data-storage/ .

2014-09-21 00:31:51.783 HelloWorld[4173:a0b] Resetting plugins due to page load.
2014-09-21 00:31:52.186 HelloWorld[4173:a0b] Finished load of: file:///Users/reesretuta/Library/Application%20Support/iPhone%20Simulator/7.0/Applications/16EE61A9-6378-4765-9E3C-A9D60401C49F/HelloWorld.app/www/index.html#/
2014-09-21 00:32:58.852 HelloWorld[4409:a0b] Multi-tasking -> Device: YES, App: YES
2014-09-21 00:32:58.862 HelloWorld[4409:a0b] Unlimited access to network resources
2014-09-21 00:32:58.865 HelloWorld[4409:a0b] 

Started backup to iCloud! Please be careful.
Your application might rejected by Apple if you store too much data.
For more information please read "iOS Data Storage Guidelines"
You could find it at the following address https://developer.apple.com/icloud/documentation/data-storage/ .

2014-09-21 00:32:58.940 HelloWorld[4409:a0b] Resetting plugins due to page load.
2014-09-21 00:32:59.155 HelloWorld[4409:a0b] Finished load of: file:///Users/reesretuta/Library/Application%20Support/iPhone%20Simulator/7.0/Applications/16EE61A9-6378-4765-9E3C-A9D60401C49F/HelloWorld.app/www/index.html#/
2014-09-21 00:38:24.451 HelloWorld[4817:a0b] Multi-tasking -> Device: YES, App: YES
2014-09-21 00:38:24.462 HelloWorld[4817:a0b] Unlimited access to network resources
2014-09-21 00:38:24.466 HelloWorld[4817:a0b] 

Started backup to iCloud! Please be careful.
Your application might rejected by Apple if you store too much data.
For more information please read "iOS Data Storage Guidelines"
You could find it at the following address https://developer.apple.com/icloud/documentation/data-storage/ .

2014-09-21 00:38:24.571 HelloWorld[4817:a0b] Resetting plugins due to page load.
2014-09-21 00:38:25.501 HelloWorld[4817:a0b] Finished load of: file:///Users/reesretuta/Library/Application%20Support/iPhone%20Simulator/7.0/Applications/16EE61A9-6378-4765-9E3C-A9D60401C49F/HelloWorld.app/www/index.html#/
2014-09-21 00:41:49.508 HelloWorld[5137:a0b] Multi-tasking -> Device: YES, App: YES
2014-09-21 00:41:49.518 HelloWorld[5137:a0b] Unlimited access to network resources
2014-09-21 00:41:49.521 HelloWorld[5137:a0b] 

Started backup to iCloud! Please be careful.
Your application might rejected by Apple if you store too much data.
For more information please read "iOS Data Storage Guidelines"
You could find it at the following address https://developer.apple.com/icloud/documentation/data-storage/ .

2014-09-21 00:41:49.626 HelloWorld[5137:a0b] Resetting plugins due to page load.
2014-09-21 00:41:50.069 HelloWorld[5137:a0b] Finished load of: file:///Users/reesretuta/Library/Application%20Support/iPhone%20Simulator/7.0/Applications/16EE61A9-6378-4765-9E3C-A9D60401C49F/HelloWorld.app/www/index.html#/
2014-09-21 00:42:26.046 HelloWorld[5358:a0b] Multi-tasking -> Device: YES, App: YES
2014-09-21 00:42:26.054 HelloWorld[5358:a0b] Unlimited access to network resources
2014-09-21 00:42:26.056 HelloWorld[5358:a0b] 

Started backup to iCloud! Please be careful.
Your application might rejected by Apple if you store too much data.
For more information please read "iOS Data Storage Guidelines"
You could find it at the following address https://developer.apple.com/icloud/documentation/data-storage/ .

2014-09-21 00:42:26.153 HelloWorld[5358:a0b] Resetting plugins due to page load.
2014-09-21 00:42:26.516 HelloWorld[5358:a0b] Finished load of: file:///Users/reesretuta/Library/Application%20Support/iPhone%20Simulator/7.0/Applications/16EE61A9-6378-4765-9E3C-A9D60401C49F/HelloWorld.app/www/index.html#/
2014-09-21 00:44:55.065 HelloWorld[5358:4103] void SendDelegateMessage(NSInvocation *): delegate (webView:runJavaScriptAlertPanelWithMessage:initiatedByFrame:) failed to return after waiting 10 seconds. main run loop mode: kCFRunLoopDefaultMode
2014-09-21 01:04:21.029 HelloWorld[6272:a0b] Multi-tasking -> Device: YES, App: YES
2014-09-21 01:04:21.039 HelloWorld[6272:a0b] Unlimited access to network resources
2014-09-21 01:04:21.043 HelloWorld[6272:a0b] 

Started backup to iCloud! Please be careful.
Your application might rejected by Apple if you store too much data.
For more information please read "iOS Data Storage Guidelines"
You could find it at the following address https://developer.apple.com/icloud/documentation/data-storage/ .

2014-09-21 01:04:21.177 HelloWorld[6272:a0b] Resetting plugins due to page load.
2014-09-21 01:04:21.614 HelloWorld[6272:a0b] Finished load of: file:///Users/reesretuta/Library/Application%20Support/iPhone%20Simulator/7.0/Applications/16EE61A9-6378-4765-9E3C-A9D60401C49F/HelloWorld.app/www/index.html#/
2014-09-21 01:04:55.990 HelloWorld[6506:a0b] Multi-tasking -> Device: YES, App: YES
2014-09-21 01:04:56.001 HelloWorld[6506:a0b] Unlimited access to network resources
2014-09-21 01:04:56.005 HelloWorld[6506:a0b] 

Started backup to iCloud! Please be careful.
Your application might rejected by Apple if you store too much data.
For more information please read "iOS Data Storage Guidelines"
You could find it at the following address https://developer.apple.com/icloud/documentation/data-storage/ .

2014-09-21 01:04:56.107 HelloWorld[6506:a0b] Resetting plugins due to page load.
2014-09-21 01:04:56.514 HelloWorld[6506:a0b] Finished load of: file:///Users/reesretuta/Library/Application%20Support/iPhone%20Simulator/7.0/Applications/16EE61A9-6378-4765-9E3C-A9D60401C49F/HelloWorld.app/www/index.html#/
